<?xml version="1.0" encoding="UTF-8"?>
<!-- Generated by org.testng.reporters.JUnitReportReporter -->
<testsuite hostname="shan-" failures="0" tests="2" name="threadsafetyconcept.DriverTest1" time="64.227" errors="0" timestamp="2024-11-21T14:45:51 IST" skipped="0">
  <testcase classname="threadsafetyconcept.DriverTest1" name="myTest1" time="35.774"/>
  <system-out/>
  <testcase classname="threadsafetyconcept.DriverTest1" name="myTest2" time="28.453"/>
  <system-out/>
</testsuite> <!-- threadsafetyconcept.DriverTest1 -->
