<?xml version="1.0" encoding="UTF-8"?>
<!-- Generated by org.testng.reporters.JUnitReportReporter -->
<testsuite hostname="shan-" failures="0" tests="2" name="parallelexcecutionwithdataprovider.LoginTest" time="92.053" errors="0" timestamp="2024-11-21T14:22:24 IST" skipped="0">
  <testcase classname="parallelexcecutionwithdataprovider.LoginTest" name="launchTest" time="45.844"/>
  <system-out/>
  <testcase classname="parallelexcecutionwithdataprovider.LoginTest" name="launchTest" time="46.209"/>
  <system-out/>
</testsuite> <!-- parallelexcecutionwithdataprovider.LoginTest -->
